Determining if the pthread_create exist failed with the following output:
Change Dir: /tmp/pick_objects/cmake-build-debug-docker/CMakeFiles/CMakeTmp

Run Build Command:"/usr/bin/make" "cmTC_cffe9/fast"
/usr/bin/make -f CMakeFiles/cmTC_cffe9.dir/build.make CMakeFiles/cmTC_cffe9.dir/build
make[1]: Entering directory '/tmp/pick_objects/cmake-build-debug-docker/CMakeFiles/CMakeTmp'
Building C object CMakeFiles/cmTC_cffe9.dir/CheckSymbolExists.c.o
/usr/bin/cc    -o CMakeFiles/cmTC_cffe9.dir/CheckSymbolExists.c.o   -c /tmp/pick_objects/cmake-build-debug-docker/CMakeFiles/CMakeTmp/CheckSymbolExists.c
Linking C executable cmTC_cffe9
/usr/bin/cmake -E cmake_link_script CMakeFiles/cmTC_cffe9.dir/link.txt --verbose=1
/usr/bin/cc      -rdynamic CMakeFiles/cmTC_cffe9.dir/CheckSymbolExists.c.o  -o cmTC_cffe9 
CMakeFiles/cmTC_cffe9.dir/CheckSymbolExists.c.o: In function `main':
CheckSymbolExists.c:(.text+0x1b): undefined reference to `pthread_create'
collect2: error: ld returned 1 exit status
CMakeFiles/cmTC_cffe9.dir/build.make:97: recipe for target 'cmTC_cffe9' failed
make[1]: *** [cmTC_cffe9] Error 1
make[1]: Leaving directory '/tmp/pick_objects/cmake-build-debug-docker/CMakeFiles/CMakeTmp'
Makefile:126: recipe for target 'cmTC_cffe9/fast' failed
make: *** [cmTC_cffe9/fast] Error 2

File /tmp/pick_objects/cmake-build-debug-docker/CMakeFiles/CMakeTmp/CheckSymbolExists.c:
/* */
#include <pthread.h>

int main(int argc, char** argv)
{
  (void)argv;
#ifndef pthread_create
  return ((int*)(&pthread_create))[argc];
#else
  (void)argc;
  return 0;
#endif
}

Determining if the function pthread_create exists in the pthreads failed with the following output:
Change Dir: /tmp/pick_objects/cmake-build-debug-docker/CMakeFiles/CMakeTmp

Run Build Command:"/usr/bin/make" "cmTC_ecff2/fast"
/usr/bin/make -f CMakeFiles/cmTC_ecff2.dir/build.make CMakeFiles/cmTC_ecff2.dir/build
make[1]: Entering directory '/tmp/pick_objects/cmake-build-debug-docker/CMakeFiles/CMakeTmp'
Building C object CMakeFiles/cmTC_ecff2.dir/CheckFunctionExists.c.o
/usr/bin/cc   -DCHECK_FUNCTION_EXISTS=pthread_create   -o CMakeFiles/cmTC_ecff2.dir/CheckFunctionExists.c.o   -c /usr/share/cmake-3.10/Modules/CheckFunctionExists.c
Linking C executable cmTC_ecff2
/usr/bin/cmake -E cmake_link_script CMakeFiles/cmTC_ecff2.dir/link.txt --verbose=1
/usr/bin/cc  -DCHECK_FUNCTION_EXISTS=pthread_create    -rdynamic CMakeFiles/cmTC_ecff2.dir/CheckFunctionExists.c.o  -o cmTC_ecff2 -lpthreads 
/usr/bin/ld: cannot find -lpthreads
collect2: error: ld returned 1 exit status
CMakeFiles/cmTC_ecff2.dir/build.make:97: recipe for target 'cmTC_ecff2' failed
make[1]: *** [cmTC_ecff2] Error 1
make[1]: Leaving directory '/tmp/pick_objects/cmake-build-debug-docker/CMakeFiles/CMakeTmp'
Makefile:126: recipe for target 'cmTC_ecff2/fast' failed
make: *** [cmTC_ecff2/fast] Error 2


