Determining if the pthread_create exist failed with the following output:
Change Dir: /tmp/pick_objects/cmake-build-debug-docker-melodic/CMakeFiles/CMakeTmp

Run Build Command:"/usr/bin/make" "cmTC_da9ad/fast"
/usr/bin/make -f CMakeFiles/cmTC_da9ad.dir/build.make CMakeFiles/cmTC_da9ad.dir/build
make[1]: Entering directory '/tmp/pick_objects/cmake-build-debug-docker-melodic/CMakeFiles/CMakeTmp'
Building C object CMakeFiles/cmTC_da9ad.dir/CheckSymbolExists.c.o
/usr/bin/cc    -o CMakeFiles/cmTC_da9ad.dir/CheckSymbolExists.c.o   -c /tmp/pick_objects/cmake-build-debug-docker-melodic/CMakeFiles/CMakeTmp/CheckSymbolExists.c
Linking C executable cmTC_da9ad
/usr/bin/cmake -E cmake_link_script CMakeFiles/cmTC_da9ad.dir/link.txt --verbose=1
/usr/bin/cc      -rdynamic CMakeFiles/cmTC_da9ad.dir/CheckSymbolExists.c.o  -o cmTC_da9ad 
CMakeFiles/cmTC_da9ad.dir/CheckSymbolExists.c.o: In function `main':
CheckSymbolExists.c:(.text+0x1b): undefined reference to `pthread_create'
collect2: error: ld returned 1 exit status
CMakeFiles/cmTC_da9ad.dir/build.make:97: recipe for target 'cmTC_da9ad' failed
make[1]: *** [cmTC_da9ad] Error 1
make[1]: Leaving directory '/tmp/pick_objects/cmake-build-debug-docker-melodic/CMakeFiles/CMakeTmp'
Makefile:126: recipe for target 'cmTC_da9ad/fast' failed
make: *** [cmTC_da9ad/fast] Error 2

File /tmp/pick_objects/cmake-build-debug-docker-melodic/CMakeFiles/CMakeTmp/CheckSymbolExists.c:
/* */
#include <pthread.h>

int main(int argc, char** argv)
{
  (void)argv;
#ifndef pthread_create
  return ((int*)(&pthread_create))[argc];
#else
  (void)argc;
  return 0;
#endif
}

Determining if the function pthread_create exists in the pthreads failed with the following output:
Change Dir: /tmp/pick_objects/cmake-build-debug-docker-melodic/CMakeFiles/CMakeTmp

Run Build Command:"/usr/bin/make" "cmTC_95585/fast"
/usr/bin/make -f CMakeFiles/cmTC_95585.dir/build.make CMakeFiles/cmTC_95585.dir/build
make[1]: Entering directory '/tmp/pick_objects/cmake-build-debug-docker-melodic/CMakeFiles/CMakeTmp'
Building C object CMakeFiles/cmTC_95585.dir/CheckFunctionExists.c.o
/usr/bin/cc   -DCHECK_FUNCTION_EXISTS=pthread_create   -o CMakeFiles/cmTC_95585.dir/CheckFunctionExists.c.o   -c /usr/share/cmake-3.10/Modules/CheckFunctionExists.c
Linking C executable cmTC_95585
/usr/bin/cmake -E cmake_link_script CMakeFiles/cmTC_95585.dir/link.txt --verbose=1
/usr/bin/cc  -DCHECK_FUNCTION_EXISTS=pthread_create    -rdynamic CMakeFiles/cmTC_95585.dir/CheckFunctionExists.c.o  -o cmTC_95585 -lpthreads 
/usr/bin/ld: cannot find -lpthreads
collect2: error: ld returned 1 exit status
CMakeFiles/cmTC_95585.dir/build.make:97: recipe for target 'cmTC_95585' failed
make[1]: *** [cmTC_95585] Error 1
make[1]: Leaving directory '/tmp/pick_objects/cmake-build-debug-docker-melodic/CMakeFiles/CMakeTmp'
Makefile:126: recipe for target 'cmTC_95585/fast' failed
make: *** [cmTC_95585/fast] Error 2


