Performing C SOURCE FILE Test CMAKE_HAVE_LIBC_PTHREAD failed with the following output:
Change Dir: /home/nagy/Desktop/software_engineering_robotics_Udacity/projects/catkin_ws_chase_ball/src/av_robot/cmake-build-debug/CMakeFiles/CMakeScratch/TryCompile-NvcyKS

Run Build Command(s):/snap/clion/237/bin/ninja/linux/x64/ninja cmTC_fe4ef && [1/2] Building C object CMakeFiles/cmTC_fe4ef.dir/src.c.o
[2/2] Linking C executable cmTC_fe4ef
FAILED: cmTC_fe4ef 
: && /usr/bin/cc  -rdynamic CMakeFiles/cmTC_fe4ef.dir/src.c.o -o cmTC_fe4ef   && :
/usr/bin/ld: CMakeFiles/cmTC_fe4ef.dir/src.c.o: in function `main':
src.c:(.text+0x46): undefined reference to `pthread_create'
/usr/bin/ld: src.c:(.text+0x52): undefined reference to `pthread_detach'
/usr/bin/ld: src.c:(.text+0x5e): undefined reference to `pthread_cancel'
/usr/bin/ld: src.c:(.text+0x6f): undefined reference to `pthread_join'
collect2: error: ld returned 1 exit status
ninja: build stopped: subcommand failed.


Source file was:
#include <pthread.h>

static void* test_func(void* data)
{
  return data;
}

int main(void)
{
  pthread_t thread;
  pthread_create(&thread, NULL, test_func, NULL);
  pthread_detach(thread);
  pthread_cancel(thread);
  pthread_join(thread, NULL);
  pthread_atfork(NULL, NULL, NULL);
  pthread_exit(NULL);

  return 0;
}


Determining if the function pthread_create exists in the pthreads failed with the following output:
Change Dir: /home/nagy/Desktop/software_engineering_robotics_Udacity/projects/catkin_ws_chase_ball/src/av_robot/cmake-build-debug/CMakeFiles/CMakeScratch/TryCompile-dv5cTS

Run Build Command(s):/snap/clion/237/bin/ninja/linux/x64/ninja cmTC_2e29a && [1/2] Building C object CMakeFiles/cmTC_2e29a.dir/CheckFunctionExists.c.o
[2/2] Linking C executable cmTC_2e29a
FAILED: cmTC_2e29a 
: && /usr/bin/cc -DCHECK_FUNCTION_EXISTS=pthread_create -rdynamic CMakeFiles/cmTC_2e29a.dir/CheckFunctionExists.c.o -o cmTC_2e29a  -lpthreads && :
/usr/bin/ld: cannot find -lpthreads
collect2: error: ld returned 1 exit status
ninja: build stopped: subcommand failed.



